<?xml version="1.0" encoding="UTF-8"?>
<!-- Generated by org.testng.reporters.JUnitXMLReporter -->
<testsuite ignored="0" hostname="LonniesPC" failures="0" tests="4" name="Test" time="16.041" errors="0" timestamp="2021-11-06T19:20:36 MDT">
  <testcase classname="HomePageTest" name="featuredCoursesHeader" time="5.266"/>
  <testcase classname="HomePageTest" name="isNavigationHeaderVisible" time="1.853"/>
  <testcase classname="HomePageTest" name="userLogin" time="3.627"/>
  <testcase classname="HomePageTest" name="userLogin" time="3.098"/>
</testsuite> <!-- Test -->
