<?xml version="1.0" encoding="UTF-8"?>
<!-- Generated by org.testng.reporters.JUnitXMLReporter -->
<testsuite ignored="0" hostname="LonniesPC" failures="0" tests="4" name="Test" time="14.739" errors="0" timestamp="2021-11-07T08:53:00 MST">
  <testcase classname="HomePageTest" name="featuredCoursesHeader" time="4.826"/>
  <testcase classname="HomePageTest" name="isNavigationHeaderVisible" time="2.235"/>
  <testcase classname="HomePageTest" name="userLogin" time="2.732"/>
  <testcase classname="HomePageTest" name="userLogin" time="2.807"/>
</testsuite> <!-- Test -->
