<?xml version="1.0" encoding="UTF-8"?>
<testng-results ignored="0" total="4" passed="4" failed="0" skipped="0">
  <reporter-output>
  </reporter-output>
  <suite started-at="2021-11-06T19:20:20 MDT" name="Suite" finished-at="2021-11-06T19:20:36 MDT" duration-ms="16041">
    <groups>
    </groups>
    <test started-at="2021-11-06T19:20:20 MDT" name="Test" finished-at="2021-11-06T19:20:36 MDT" duration-ms="16041">
      <class name="HomePageTest">
        <test-method is-config="true" signature="testSetup()[pri:0, instance:HomePageTest@443dbe42]" started-at="2021-11-06T19:20:20 MDT" name="testSetup" finished-at="2021-11-06T19:20:22 MDT" duration-ms="2129" status="PASS">
          <reporter-output>
          </reporter-output>
        </test-method> <!-- testSetup -->
        <test-method signature="featuredCoursesHeader()[pri:0, instance:HomePageTest@443dbe42]" started-at="2021-11-06T19:20:22 MDT" name="featuredCoursesHeader" finished-at="2021-11-06T19:20:27 MDT" duration-ms="5266" status="PASS">
          <reporter-output>
          </reporter-output>
        </test-method> <!-- featuredCoursesHeader -->
        <test-method signature="isNavigationHeaderVisible()[pri:0, instance:HomePageTest@443dbe42]" started-at="2021-11-06T19:20:27 MDT" name="isNavigationHeaderVisible" finished-at="2021-11-06T19:20:29 MDT" duration-ms="1853" status="PASS">
          <reporter-output>
          </reporter-output>
        </test-method> <!-- isNavigationHeaderVisible -->
        <test-method signature="userLogin(java.lang.String,java.lang.String)[pri:0, instance:HomePageTest@443dbe42]" started-at="2021-11-06T19:20:29 MDT" name="userLogin" data-provider="users" finished-at="2021-11-06T19:20:33 MDT" duration-ms="3627" status="PASS">
          <params>
            <param index="0">
              <value>
                <![CDATA[restricteduser@test.com]]>
              </value>
            </param>
            <param index="1">
              <value>
                <![CDATA[password]]>
              </value>
            </param>
          </params>
          <reporter-output>
          </reporter-output>
        </test-method> <!-- userLogin -->
        <test-method signature="userLogin(java.lang.String,java.lang.String)[pri:0, instance:HomePageTest@443dbe42]" started-at="2021-11-06T19:20:33 MDT" name="userLogin" data-provider="users" finished-at="2021-11-06T19:20:36 MDT" duration-ms="3098" status="PASS">
          <params>
            <param index="0">
              <value>
                <![CDATA[nonrestricteduser@test.com]]>
              </value>
            </param>
            <param index="1">
              <value>
                <![CDATA[password]]>
              </value>
            </param>
          </params>
          <reporter-output>
          </reporter-output>
        </test-method> <!-- userLogin -->
        <test-method is-config="true" signature="testCleanup()[pri:0, instance:HomePageTest@443dbe42]" started-at="2021-11-06T19:20:36 MDT" name="testCleanup" finished-at="2021-11-06T19:20:36 MDT" duration-ms="40" status="PASS">
          <reporter-output>
          </reporter-output>
        </test-method> <!-- testCleanup -->
      </class> <!-- HomePageTest -->
    </test> <!-- Test -->
  </suite> <!-- Suite -->
</testng-results>
